

Processing PagesController#home (for 127.0.0.1 at 2010-03-22 19:21:56) [GET]
Rendering pages/home
Completed in 28ms (View: 26, DB: 0) | 200 OK [http://localhost/pages/home]


Processing ApplicationController#index (for 127.0.0.1 at 2010-03-22 19:22:06) [GET]

ActionController::RoutingError (No route matches "/controller/action" with {:method=>:get}):
  

Rendering rescues/layout (not_found)


Processing PagesController#home (for 127.0.0.1 at 2010-03-22 19:22:16) [GET]
Rendering pages/home
Completed in 2ms (View: 1, DB: 0) | 200 OK [http://localhost/pages/home]


Processing PagesController#about (for 127.0.0.1 at 2010-03-22 21:32:38) [GET]
Rendering pages/about
Completed in 9ms (View: 7, DB: 0) | 200 OK [http://localhost/pages/about]


Processing PagesController#about (for 127.0.0.1 at 2010-03-22 21:34:16) [GET]
Rendering pages/about
Completed in 6ms (View: 4, DB: 0) | 200 OK [http://localhost/pages/about]


Processing PagesController#home (for 127.0.0.1 at 2010-03-22 22:27:12) [GET]
Rendering pages/home
Completed in 10ms (View: 7, DB: 0) | 200 OK [http://localhost/pages/home]


Processing PagesController#http (for 127.0.0.1 at 2010-03-23 22:32:22) [GET]

ActionController::UnknownAction (No action responded to http. Actions: about, contact, and home):
  

Rendering rescues/layout (not_found)


Processing ApplicationController#index (for 127.0.0.1 at 2010-04-11 17:30:36) [GET]

ActionController::RoutingError (No route matches "/controller/action" with {:method=>:get}):
  

Rendering rescues/layout (not_found)


Processing PagesController#home (for 127.0.0.1 at 2010-04-11 17:31:10) [GET]
Rendering pages/home
Completed in 8ms (View: 6, DB: 0) | 200 OK [http://localhost/pages/home]


Processing PagesController#home (for 127.0.0.1 at 2010-04-11 18:18:26) [GET]
Rendering pages/home
Completed in 2ms (View: 1, DB: 0) | 200 OK [http://localhost/pages/home]


Processing PagesController#home (for 127.0.0.1 at 2010-04-11 18:18:27) [GET]
Rendering pages/home
Completed in 2ms (View: 1, DB: 0) | 200 OK [http://localhost/pages/home]


Processing PagesController#contact (for 127.0.0.1 at 2010-04-11 18:19:03) [GET]
Rendering pages/contact
Completed in 9ms (View: 6, DB: 0) | 200 OK [http://localhost/pages/contact]


Processing PagesController#about (for 127.0.0.1 at 2010-04-11 18:19:12) [GET]
Rendering pages/about
Completed in 10ms (View: 9, DB: 0) | 200 OK [http://localhost/pages/about]


Processing PagesController#home (for 127.0.0.1 at 2010-04-11 18:56:02) [GET]
Rendering template within layouts/application
Rendering pages/home
Completed in 120ms (View: 112, DB: 0) | 200 OK [http://localhost/pages/home]


Processing PagesController#contact (for 127.0.0.1 at 2010-04-11 18:56:08) [GET]
Rendering template within layouts/application
Rendering pages/contact
Completed in 15ms (View: 12, DB: 0) | 200 OK [http://localhost/pages/contact]


Processing PagesController#about (for 127.0.0.1 at 2010-04-11 18:56:15) [GET]
Rendering template within layouts/application
Rendering pages/about
Completed in 22ms (View: 19, DB: 0) | 200 OK [http://localhost/pages/about]


Processing PagesController#home (for 127.0.0.1 at 2010-04-11 20:03:00) [GET]
Rendering template within layouts/application
Rendering pages/home
Completed in 5ms (View: 4, DB: 0) | 200 OK [http://localhost/pages/home]


Processing PagesController#contact (for 127.0.0.1 at 2010-04-11 20:03:58) [GET]
Rendering template within layouts/application
Rendering pages/contact
Completed in 5ms (View: 1, DB: 0) | 200 OK [http://localhost/pages/contact]
/!\ FAILSAFE /!\  Sun Apr 11 21:21:44 +0900 2010
  Status: 500 Internal Server Error
  /Users/ykonishi/ror/sample_app/app/helpers/application_helper.rb:11: syntax error, unexpected $end, expecting kEND
    /Library/Ruby/Gems/1.8/gems/activesupport-2.3.5/lib/active_support/dependencies.rb:380:in `load_without_new_constant_marking'
    /Library/Ruby/Gems/1.8/gems/activesupport-2.3.5/lib/active_support/dependencies.rb:380:in `load_file'
    /Library/Ruby/Gems/1.8/gems/activesupport-2.3.5/lib/active_support/dependencies.rb:521:in `new_constants_in'
    /Library/Ruby/Gems/1.8/gems/activesupport-2.3.5/lib/active_support/dependencies.rb:379:in `load_file'
    /Library/Ruby/Gems/1.8/gems/activesupport-2.3.5/lib/active_support/dependencies.rb:259:in `require_or_load'
    /Library/Ruby/Gems/1.8/gems/activesupport-2.3.5/lib/active_support/dependencies.rb:224:in `depend_on'
    /Library/Ruby/Gems/1.8/gems/activesupport-2.3.5/lib/active_support/dependencies.rb:136:in `require_dependency'
    /Library/Ruby/Gems/1.8/gems/actionpack-2.3.5/lib/action_controller/helpers.rb:197:in `default_helper_module!'
    /Library/Ruby/Gems/1.8/gems/actionpack-2.3.5/lib/action_controller/helpers.rb:212:in `__send__'
    /Library/Ruby/Gems/1.8/gems/actionpack-2.3.5/lib/action_controller/helpers.rb:212:in `inherited'
    /Users/ykonishi/ror/sample_app/app/controllers/application_controller.rb:4
    /Library/Ruby/Gems/1.8/gems/activesupport-2.3.5/lib/active_support/dependencies.rb:380:in `load_without_new_constant_marking'
    /Library/Ruby/Gems/1.8/gems/activesupport-2.3.5/lib/active_support/dependencies.rb:380:in `load_file'
    /Library/Ruby/Gems/1.8/gems/activesupport-2.3.5/lib/active_support/dependencies.rb:521:in `new_constants_in'
    /Library/Ruby/Gems/1.8/gems/activesupport-2.3.5/lib/active_support/dependencies.rb:379:in `load_file'
    /Library/Ruby/Gems/1.8/gems/activesupport-2.3.5/lib/active_support/dependencies.rb:259:in `require_or_load'
    /Library/Ruby/Gems/1.8/gems/activesupport-2.3.5/lib/active_support/dependencies.rb:425:in `load_missing_constant'
    /Library/Ruby/Gems/1.8/gems/activesupport-2.3.5/lib/active_support/dependencies.rb:80:in `const_missing'
    /Library/Ruby/Gems/1.8/gems/activesupport-2.3.5/lib/active_support/dependencies.rb:92:in `const_missing'
    /Library/Ruby/Gems/1.8/gems/actionpack-2.3.5/lib/action_controller/dispatcher.rb:89:in `dispatch'
    /Library/Ruby/Gems/1.8/gems/actionpack-2.3.5/lib/action_controller/dispatcher.rb:121:in `_call'
    /Library/Ruby/Gems/1.8/gems/actionpack-2.3.5/lib/action_controller/dispatcher.rb:130:in `build_middleware_stack'
    /Library/Ruby/Gems/1.8/gems/activerecord-2.3.5/lib/active_record/query_cache.rb:29:in `call'
    /Library/Ruby/Gems/1.8/gems/activerecord-2.3.5/lib/active_record/query_cache.rb:29:in `call'
    /Library/Ruby/Gems/1.8/gems/activerecord-2.3.5/lib/active_record/connection_adapters/abstract/query_cache.rb:34:in `cache'
    /Library/Ruby/Gems/1.8/gems/activerecord-2.3.5/lib/active_record/query_cache.rb:9:in `cache'
    /Library/Ruby/Gems/1.8/gems/activerecord-2.3.5/lib/active_record/query_cache.rb:28:in `call'
    /Library/Ruby/Gems/1.8/gems/activerecord-2.3.5/lib/active_record/connection_adapters/abstract/connection_pool.rb:361:in `call'
    /Library/Ruby/Gems/1.8/gems/actionpack-2.3.5/lib/action_controller/string_coercion.rb:25:in `call'
    /Library/Ruby/Gems/1.8/gems/rack-1.0.1/lib/rack/head.rb:9:in `call'
    /Library/Ruby/Gems/1.8/gems/rack-1.0.1/lib/rack/methodoverride.rb:24:in `call'
    /Library/Ruby/Gems/1.8/gems/actionpack-2.3.5/lib/action_controller/params_parser.rb:15:in `call'
    /Library/Ruby/Gems/1.8/gems/actionpack-2.3.5/lib/action_controller/session/cookie_store.rb:93:in `call'
    /Library/Ruby/Gems/1.8/gems/actionpack-2.3.5/lib/action_controller/failsafe.rb:26:in `call'
    /Library/Ruby/Gems/1.8/gems/rack-1.0.1/lib/rack/lock.rb:11:in `call'
    /Library/Ruby/Gems/1.8/gems/rack-1.0.1/lib/rack/lock.rb:11:in `synchronize'
    /Library/Ruby/Gems/1.8/gems/rack-1.0.1/lib/rack/lock.rb:11:in `call'
    /Library/Ruby/Gems/1.8/gems/actionpack-2.3.5/lib/action_controller/dispatcher.rb:114:in `call'
    /Library/Ruby/Gems/1.8/gems/actionpack-2.3.5/lib/action_controller/reloader.rb:34:in `run'
    /Library/Ruby/Gems/1.8/gems/actionpack-2.3.5/lib/action_controller/dispatcher.rb:108:in `call'
    /Library/Ruby/Gems/1.8/gems/rails-2.3.5/lib/rails/rack/static.rb:31:in `call'
    /Library/Ruby/Gems/1.8/gems/rack-1.0.1/lib/rack/urlmap.rb:46:in `call'
    /Library/Ruby/Gems/1.8/gems/rack-1.0.1/lib/rack/urlmap.rb:40:in `each'
    /Library/Ruby/Gems/1.8/gems/rack-1.0.1/lib/rack/urlmap.rb:40:in `call'
    /Library/Ruby/Gems/1.8/gems/rails-2.3.5/lib/rails/rack/log_tailer.rb:17:in `call'
    /Library/Ruby/Gems/1.8/gems/rack-1.0.1/lib/rack/content_length.rb:13:in `call'
    /Library/Ruby/Gems/1.8/gems/rack-1.0.1/lib/rack/chunked.rb:15:in `call'
    /Library/Ruby/Gems/1.8/gems/rack-1.0.1/lib/rack/handler/mongrel.rb:64:in `process'
    /System/Library/Frameworks/Ruby.framework/Versions/1.8/usr/lib/ruby/gems/1.8/gems/mongrel-1.1.4/lib/mongrel.rb:159:in `process_client'
    /System/Library/Frameworks/Ruby.framework/Versions/1.8/usr/lib/ruby/gems/1.8/gems/mongrel-1.1.4/lib/mongrel.rb:158:in `each'
    /System/Library/Frameworks/Ruby.framework/Versions/1.8/usr/lib/ruby/gems/1.8/gems/mongrel-1.1.4/lib/mongrel.rb:158:in `process_client'
    /System/Library/Frameworks/Ruby.framework/Versions/1.8/usr/lib/ruby/gems/1.8/gems/mongrel-1.1.4/lib/mongrel.rb:285:in `run'
    /System/Library/Frameworks/Ruby.framework/Versions/1.8/usr/lib/ruby/gems/1.8/gems/mongrel-1.1.4/lib/mongrel.rb:285:in `initialize'
    /System/Library/Frameworks/Ruby.framework/Versions/1.8/usr/lib/ruby/gems/1.8/gems/mongrel-1.1.4/lib/mongrel.rb:285:in `new'
    /System/Library/Frameworks/Ruby.framework/Versions/1.8/usr/lib/ruby/gems/1.8/gems/mongrel-1.1.4/lib/mongrel.rb:285:in `run'
    /System/Library/Frameworks/Ruby.framework/Versions/1.8/usr/lib/ruby/gems/1.8/gems/mongrel-1.1.4/lib/mongrel.rb:268:in `initialize'
    /System/Library/Frameworks/Ruby.framework/Versions/1.8/usr/lib/ruby/gems/1.8/gems/mongrel-1.1.4/lib/mongrel.rb:268:in `new'
    /System/Library/Frameworks/Ruby.framework/Versions/1.8/usr/lib/ruby/gems/1.8/gems/mongrel-1.1.4/lib/mongrel.rb:268:in `run'
    /Library/Ruby/Gems/1.8/gems/rack-1.0.1/lib/rack/handler/mongrel.rb:34:in `run'
    /Library/Ruby/Gems/1.8/gems/rails-2.3.5/lib/commands/server.rb:111
    /Library/Ruby/Site/1.8/rubygems/custom_require.rb:31:in `gem_original_require'
    /Library/Ruby/Site/1.8/rubygems/custom_require.rb:31:in `require'
    script/server:3
/!\ FAILSAFE /!\  Sun Apr 11 21:22:00 +0900 2010
  Status: 500 Internal Server Error
  /Users/ykonishi/ror/sample_app/app/helpers/application_helper.rb:11: syntax error, unexpected $end, expecting kEND
    /Library/Ruby/Gems/1.8/gems/activesupport-2.3.5/lib/active_support/dependencies.rb:380:in `load_without_new_constant_marking'
    /Library/Ruby/Gems/1.8/gems/activesupport-2.3.5/lib/active_support/dependencies.rb:380:in `load_file'
    /Library/Ruby/Gems/1.8/gems/activesupport-2.3.5/lib/active_support/dependencies.rb:521:in `new_constants_in'
    /Library/Ruby/Gems/1.8/gems/activesupport-2.3.5/lib/active_support/dependencies.rb:379:in `load_file'
    /Library/Ruby/Gems/1.8/gems/activesupport-2.3.5/lib/active_support/dependencies.rb:259:in `require_or_load'
    /Library/Ruby/Gems/1.8/gems/activesupport-2.3.5/lib/active_support/dependencies.rb:224:in `depend_on'
    /Library/Ruby/Gems/1.8/gems/activesupport-2.3.5/lib/active_support/dependencies.rb:136:in `require_dependency'
    /Library/Ruby/Gems/1.8/gems/actionpack-2.3.5/lib/action_controller/helpers.rb:197:in `default_helper_module!'
    /Library/Ruby/Gems/1.8/gems/actionpack-2.3.5/lib/action_controller/helpers.rb:212:in `__send__'
    /Library/Ruby/Gems/1.8/gems/actionpack-2.3.5/lib/action_controller/helpers.rb:212:in `inherited'
    /Users/ykonishi/ror/sample_app/app/controllers/application_controller.rb:4
    /Library/Ruby/Gems/1.8/gems/activesupport-2.3.5/lib/active_support/dependencies.rb:380:in `load_without_new_constant_marking'
    /Library/Ruby/Gems/1.8/gems/activesupport-2.3.5/lib/active_support/dependencies.rb:380:in `load_file'
    /Library/Ruby/Gems/1.8/gems/activesupport-2.3.5/lib/active_support/dependencies.rb:521:in `new_constants_in'
    /Library/Ruby/Gems/1.8/gems/activesupport-2.3.5/lib/active_support/dependencies.rb:379:in `load_file'
    /Library/Ruby/Gems/1.8/gems/activesupport-2.3.5/lib/active_support/dependencies.rb:259:in `require_or_load'
    /Library/Ruby/Gems/1.8/gems/activesupport-2.3.5/lib/active_support/dependencies.rb:425:in `load_missing_constant'
    /Library/Ruby/Gems/1.8/gems/activesupport-2.3.5/lib/active_support/dependencies.rb:80:in `const_missing'
    /Library/Ruby/Gems/1.8/gems/activesupport-2.3.5/lib/active_support/dependencies.rb:92:in `const_missing'
    /Library/Ruby/Gems/1.8/gems/actionpack-2.3.5/lib/action_controller/dispatcher.rb:89:in `dispatch'
    /Library/Ruby/Gems/1.8/gems/actionpack-2.3.5/lib/action_controller/dispatcher.rb:121:in `_call'
    /Library/Ruby/Gems/1.8/gems/actionpack-2.3.5/lib/action_controller/dispatcher.rb:130:in `build_middleware_stack'
    /Library/Ruby/Gems/1.8/gems/activerecord-2.3.5/lib/active_record/query_cache.rb:29:in `call'
    /Library/Ruby/Gems/1.8/gems/activerecord-2.3.5/lib/active_record/query_cache.rb:29:in `call'
    /Library/Ruby/Gems/1.8/gems/activerecord-2.3.5/lib/active_record/connection_adapters/abstract/query_cache.rb:34:in `cache'
    /Library/Ruby/Gems/1.8/gems/activerecord-2.3.5/lib/active_record/query_cache.rb:9:in `cache'
    /Library/Ruby/Gems/1.8/gems/activerecord-2.3.5/lib/active_record/query_cache.rb:28:in `call'
    /Library/Ruby/Gems/1.8/gems/activerecord-2.3.5/lib/active_record/connection_adapters/abstract/connection_pool.rb:361:in `call'
    /Library/Ruby/Gems/1.8/gems/actionpack-2.3.5/lib/action_controller/string_coercion.rb:25:in `call'
    /Library/Ruby/Gems/1.8/gems/rack-1.0.1/lib/rack/head.rb:9:in `call'
    /Library/Ruby/Gems/1.8/gems/rack-1.0.1/lib/rack/methodoverride.rb:24:in `call'
    /Library/Ruby/Gems/1.8/gems/actionpack-2.3.5/lib/action_controller/params_parser.rb:15:in `call'
    /Library/Ruby/Gems/1.8/gems/actionpack-2.3.5/lib/action_controller/session/cookie_store.rb:93:in `call'
    /Library/Ruby/Gems/1.8/gems/actionpack-2.3.5/lib/action_controller/failsafe.rb:26:in `call'
    /Library/Ruby/Gems/1.8/gems/rack-1.0.1/lib/rack/lock.rb:11:in `call'
    /Library/Ruby/Gems/1.8/gems/rack-1.0.1/lib/rack/lock.rb:11:in `synchronize'
    /Library/Ruby/Gems/1.8/gems/rack-1.0.1/lib/rack/lock.rb:11:in `call'
    /Library/Ruby/Gems/1.8/gems/actionpack-2.3.5/lib/action_controller/dispatcher.rb:114:in `call'
    /Library/Ruby/Gems/1.8/gems/actionpack-2.3.5/lib/action_controller/reloader.rb:34:in `run'
    /Library/Ruby/Gems/1.8/gems/actionpack-2.3.5/lib/action_controller/dispatcher.rb:108:in `call'
    /Library/Ruby/Gems/1.8/gems/rails-2.3.5/lib/rails/rack/static.rb:31:in `call'
    /Library/Ruby/Gems/1.8/gems/rack-1.0.1/lib/rack/urlmap.rb:46:in `call'
    /Library/Ruby/Gems/1.8/gems/rack-1.0.1/lib/rack/urlmap.rb:40:in `each'
    /Library/Ruby/Gems/1.8/gems/rack-1.0.1/lib/rack/urlmap.rb:40:in `call'
    /Library/Ruby/Gems/1.8/gems/rails-2.3.5/lib/rails/rack/log_tailer.rb:17:in `call'
    /Library/Ruby/Gems/1.8/gems/rack-1.0.1/lib/rack/content_length.rb:13:in `call'
    /Library/Ruby/Gems/1.8/gems/rack-1.0.1/lib/rack/chunked.rb:15:in `call'
    /Library/Ruby/Gems/1.8/gems/rack-1.0.1/lib/rack/handler/mongrel.rb:64:in `process'
    /System/Library/Frameworks/Ruby.framework/Versions/1.8/usr/lib/ruby/gems/1.8/gems/mongrel-1.1.4/lib/mongrel.rb:159:in `process_client'
    /System/Library/Frameworks/Ruby.framework/Versions/1.8/usr/lib/ruby/gems/1.8/gems/mongrel-1.1.4/lib/mongrel.rb:158:in `each'
    /System/Library/Frameworks/Ruby.framework/Versions/1.8/usr/lib/ruby/gems/1.8/gems/mongrel-1.1.4/lib/mongrel.rb:158:in `process_client'
    /System/Library/Frameworks/Ruby.framework/Versions/1.8/usr/lib/ruby/gems/1.8/gems/mongrel-1.1.4/lib/mongrel.rb:285:in `run'
    /System/Library/Frameworks/Ruby.framework/Versions/1.8/usr/lib/ruby/gems/1.8/gems/mongrel-1.1.4/lib/mongrel.rb:285:in `initialize'
    /System/Library/Frameworks/Ruby.framework/Versions/1.8/usr/lib/ruby/gems/1.8/gems/mongrel-1.1.4/lib/mongrel.rb:285:in `new'
    /System/Library/Frameworks/Ruby.framework/Versions/1.8/usr/lib/ruby/gems/1.8/gems/mongrel-1.1.4/lib/mongrel.rb:285:in `run'
    /System/Library/Frameworks/Ruby.framework/Versions/1.8/usr/lib/ruby/gems/1.8/gems/mongrel-1.1.4/lib/mongrel.rb:268:in `initialize'
    /System/Library/Frameworks/Ruby.framework/Versions/1.8/usr/lib/ruby/gems/1.8/gems/mongrel-1.1.4/lib/mongrel.rb:268:in `new'
    /System/Library/Frameworks/Ruby.framework/Versions/1.8/usr/lib/ruby/gems/1.8/gems/mongrel-1.1.4/lib/mongrel.rb:268:in `run'
    /Library/Ruby/Gems/1.8/gems/rack-1.0.1/lib/rack/handler/mongrel.rb:34:in `run'
    /Library/Ruby/Gems/1.8/gems/rails-2.3.5/lib/commands/server.rb:111
    /Library/Ruby/Site/1.8/rubygems/custom_require.rb:31:in `gem_original_require'
    /Library/Ruby/Site/1.8/rubygems/custom_require.rb:31:in `require'
    script/server:3
/!\ FAILSAFE /!\  Sun Apr 11 21:22:15 +0900 2010
  Status: 500 Internal Server Error
  /Users/ykonishi/ror/sample_app/app/helpers/application_helper.rb:11: syntax error, unexpected $end, expecting kEND
    /Library/Ruby/Gems/1.8/gems/activesupport-2.3.5/lib/active_support/dependencies.rb:380:in `load_without_new_constant_marking'
    /Library/Ruby/Gems/1.8/gems/activesupport-2.3.5/lib/active_support/dependencies.rb:380:in `load_file'
    /Library/Ruby/Gems/1.8/gems/activesupport-2.3.5/lib/active_support/dependencies.rb:521:in `new_constants_in'
    /Library/Ruby/Gems/1.8/gems/activesupport-2.3.5/lib/active_support/dependencies.rb:379:in `load_file'
    /Library/Ruby/Gems/1.8/gems/activesupport-2.3.5/lib/active_support/dependencies.rb:259:in `require_or_load'
    /Library/Ruby/Gems/1.8/gems/activesupport-2.3.5/lib/active_support/dependencies.rb:224:in `depend_on'
    /Library/Ruby/Gems/1.8/gems/activesupport-2.3.5/lib/active_support/dependencies.rb:136:in `require_dependency'
    /Library/Ruby/Gems/1.8/gems/actionpack-2.3.5/lib/action_controller/helpers.rb:197:in `default_helper_module!'
    /Library/Ruby/Gems/1.8/gems/actionpack-2.3.5/lib/action_controller/helpers.rb:212:in `__send__'
    /Library/Ruby/Gems/1.8/gems/actionpack-2.3.5/lib/action_controller/helpers.rb:212:in `inherited'
    /Users/ykonishi/ror/sample_app/app/controllers/application_controller.rb:4
    /Library/Ruby/Gems/1.8/gems/activesupport-2.3.5/lib/active_support/dependencies.rb:380:in `load_without_new_constant_marking'
    /Library/Ruby/Gems/1.8/gems/activesupport-2.3.5/lib/active_support/dependencies.rb:380:in `load_file'
    /Library/Ruby/Gems/1.8/gems/activesupport-2.3.5/lib/active_support/dependencies.rb:521:in `new_constants_in'
    /Library/Ruby/Gems/1.8/gems/activesupport-2.3.5/lib/active_support/dependencies.rb:379:in `load_file'
    /Library/Ruby/Gems/1.8/gems/activesupport-2.3.5/lib/active_support/dependencies.rb:259:in `require_or_load'
    /Library/Ruby/Gems/1.8/gems/activesupport-2.3.5/lib/active_support/dependencies.rb:425:in `load_missing_constant'
    /Library/Ruby/Gems/1.8/gems/activesupport-2.3.5/lib/active_support/dependencies.rb:80:in `const_missing'
    /Library/Ruby/Gems/1.8/gems/activesupport-2.3.5/lib/active_support/dependencies.rb:92:in `const_missing'
    /Library/Ruby/Gems/1.8/gems/actionpack-2.3.5/lib/action_controller/dispatcher.rb:89:in `dispatch'
    /Library/Ruby/Gems/1.8/gems/actionpack-2.3.5/lib/action_controller/dispatcher.rb:121:in `_call'
    /Library/Ruby/Gems/1.8/gems/actionpack-2.3.5/lib/action_controller/dispatcher.rb:130:in `build_middleware_stack'
    /Library/Ruby/Gems/1.8/gems/activerecord-2.3.5/lib/active_record/query_cache.rb:29:in `call'
    /Library/Ruby/Gems/1.8/gems/activerecord-2.3.5/lib/active_record/query_cache.rb:29:in `call'
    /Library/Ruby/Gems/1.8/gems/activerecord-2.3.5/lib/active_record/connection_adapters/abstract/query_cache.rb:34:in `cache'
    /Library/Ruby/Gems/1.8/gems/activerecord-2.3.5/lib/active_record/query_cache.rb:9:in `cache'
    /Library/Ruby/Gems/1.8/gems/activerecord-2.3.5/lib/active_record/query_cache.rb:28:in `call'
    /Library/Ruby/Gems/1.8/gems/activerecord-2.3.5/lib/active_record/connection_adapters/abstract/connection_pool.rb:361:in `call'
    /Library/Ruby/Gems/1.8/gems/actionpack-2.3.5/lib/action_controller/string_coercion.rb:25:in `call'
    /Library/Ruby/Gems/1.8/gems/rack-1.0.1/lib/rack/head.rb:9:in `call'
    /Library/Ruby/Gems/1.8/gems/rack-1.0.1/lib/rack/methodoverride.rb:24:in `call'
    /Library/Ruby/Gems/1.8/gems/actionpack-2.3.5/lib/action_controller/params_parser.rb:15:in `call'
    /Library/Ruby/Gems/1.8/gems/actionpack-2.3.5/lib/action_controller/session/cookie_store.rb:93:in `call'
    /Library/Ruby/Gems/1.8/gems/actionpack-2.3.5/lib/action_controller/failsafe.rb:26:in `call'
    /Library/Ruby/Gems/1.8/gems/rack-1.0.1/lib/rack/lock.rb:11:in `call'
    /Library/Ruby/Gems/1.8/gems/rack-1.0.1/lib/rack/lock.rb:11:in `synchronize'
    /Library/Ruby/Gems/1.8/gems/rack-1.0.1/lib/rack/lock.rb:11:in `call'
    /Library/Ruby/Gems/1.8/gems/actionpack-2.3.5/lib/action_controller/dispatcher.rb:114:in `call'
    /Library/Ruby/Gems/1.8/gems/actionpack-2.3.5/lib/action_controller/reloader.rb:34:in `run'
    /Library/Ruby/Gems/1.8/gems/actionpack-2.3.5/lib/action_controller/dispatcher.rb:108:in `call'
    /Library/Ruby/Gems/1.8/gems/rails-2.3.5/lib/rails/rack/static.rb:31:in `call'
    /Library/Ruby/Gems/1.8/gems/rack-1.0.1/lib/rack/urlmap.rb:46:in `call'
    /Library/Ruby/Gems/1.8/gems/rack-1.0.1/lib/rack/urlmap.rb:40:in `each'
    /Library/Ruby/Gems/1.8/gems/rack-1.0.1/lib/rack/urlmap.rb:40:in `call'
    /Library/Ruby/Gems/1.8/gems/rails-2.3.5/lib/rails/rack/log_tailer.rb:17:in `call'
    /Library/Ruby/Gems/1.8/gems/rack-1.0.1/lib/rack/content_length.rb:13:in `call'
    /Library/Ruby/Gems/1.8/gems/rack-1.0.1/lib/rack/chunked.rb:15:in `call'
    /Library/Ruby/Gems/1.8/gems/rack-1.0.1/lib/rack/handler/mongrel.rb:64:in `process'
    /System/Library/Frameworks/Ruby.framework/Versions/1.8/usr/lib/ruby/gems/1.8/gems/mongrel-1.1.4/lib/mongrel.rb:159:in `process_client'
    /System/Library/Frameworks/Ruby.framework/Versions/1.8/usr/lib/ruby/gems/1.8/gems/mongrel-1.1.4/lib/mongrel.rb:158:in `each'
    /System/Library/Frameworks/Ruby.framework/Versions/1.8/usr/lib/ruby/gems/1.8/gems/mongrel-1.1.4/lib/mongrel.rb:158:in `process_client'
    /System/Library/Frameworks/Ruby.framework/Versions/1.8/usr/lib/ruby/gems/1.8/gems/mongrel-1.1.4/lib/mongrel.rb:285:in `run'
    /System/Library/Frameworks/Ruby.framework/Versions/1.8/usr/lib/ruby/gems/1.8/gems/mongrel-1.1.4/lib/mongrel.rb:285:in `initialize'
    /System/Library/Frameworks/Ruby.framework/Versions/1.8/usr/lib/ruby/gems/1.8/gems/mongrel-1.1.4/lib/mongrel.rb:285:in `new'
    /System/Library/Frameworks/Ruby.framework/Versions/1.8/usr/lib/ruby/gems/1.8/gems/mongrel-1.1.4/lib/mongrel.rb:285:in `run'
    /System/Library/Frameworks/Ruby.framework/Versions/1.8/usr/lib/ruby/gems/1.8/gems/mongrel-1.1.4/lib/mongrel.rb:268:in `initialize'
    /System/Library/Frameworks/Ruby.framework/Versions/1.8/usr/lib/ruby/gems/1.8/gems/mongrel-1.1.4/lib/mongrel.rb:268:in `new'
    /System/Library/Frameworks/Ruby.framework/Versions/1.8/usr/lib/ruby/gems/1.8/gems/mongrel-1.1.4/lib/mongrel.rb:268:in `run'
    /Library/Ruby/Gems/1.8/gems/rack-1.0.1/lib/rack/handler/mongrel.rb:34:in `run'
    /Library/Ruby/Gems/1.8/gems/rails-2.3.5/lib/commands/server.rb:111
    /Library/Ruby/Site/1.8/rubygems/custom_require.rb:31:in `gem_original_require'
    /Library/Ruby/Site/1.8/rubygems/custom_require.rb:31:in `require'
    script/server:3
/!\ FAILSAFE /!\  Sun Apr 11 21:22:35 +0900 2010
  Status: 500 Internal Server Error
  /Users/ykonishi/ror/sample_app/app/helpers/application_helper.rb:11: syntax error, unexpected $end, expecting kEND
    /Library/Ruby/Gems/1.8/gems/activesupport-2.3.5/lib/active_support/dependencies.rb:380:in `load_without_new_constant_marking'
    /Library/Ruby/Gems/1.8/gems/activesupport-2.3.5/lib/active_support/dependencies.rb:380:in `load_file'
    /Library/Ruby/Gems/1.8/gems/activesupport-2.3.5/lib/active_support/dependencies.rb:521:in `new_constants_in'
    /Library/Ruby/Gems/1.8/gems/activesupport-2.3.5/lib/active_support/dependencies.rb:379:in `load_file'
    /Library/Ruby/Gems/1.8/gems/activesupport-2.3.5/lib/active_support/dependencies.rb:259:in `require_or_load'
    /Library/Ruby/Gems/1.8/gems/activesupport-2.3.5/lib/active_support/dependencies.rb:224:in `depend_on'
    /Library/Ruby/Gems/1.8/gems/activesupport-2.3.5/lib/active_support/dependencies.rb:136:in `require_dependency'
    /Library/Ruby/Gems/1.8/gems/actionpack-2.3.5/lib/action_controller/helpers.rb:197:in `default_helper_module!'
    /Library/Ruby/Gems/1.8/gems/actionpack-2.3.5/lib/action_controller/helpers.rb:212:in `__send__'
    /Library/Ruby/Gems/1.8/gems/actionpack-2.3.5/lib/action_controller/helpers.rb:212:in `inherited'
    /Users/ykonishi/ror/sample_app/app/controllers/application_controller.rb:4
    /Library/Ruby/Gems/1.8/gems/activesupport-2.3.5/lib/active_support/dependencies.rb:380:in `load_without_new_constant_marking'
    /Library/Ruby/Gems/1.8/gems/activesupport-2.3.5/lib/active_support/dependencies.rb:380:in `load_file'
    /Library/Ruby/Gems/1.8/gems/activesupport-2.3.5/lib/active_support/dependencies.rb:521:in `new_constants_in'
    /Library/Ruby/Gems/1.8/gems/activesupport-2.3.5/lib/active_support/dependencies.rb:379:in `load_file'
    /Library/Ruby/Gems/1.8/gems/activesupport-2.3.5/lib/active_support/dependencies.rb:259:in `require_or_load'
    /Library/Ruby/Gems/1.8/gems/activesupport-2.3.5/lib/active_support/dependencies.rb:425:in `load_missing_constant'
    /Library/Ruby/Gems/1.8/gems/activesupport-2.3.5/lib/active_support/dependencies.rb:80:in `const_missing'
    /Library/Ruby/Gems/1.8/gems/activesupport-2.3.5/lib/active_support/dependencies.rb:92:in `const_missing'
    /Library/Ruby/Gems/1.8/gems/actionpack-2.3.5/lib/action_controller/dispatcher.rb:89:in `dispatch'
    /Library/Ruby/Gems/1.8/gems/actionpack-2.3.5/lib/action_controller/dispatcher.rb:121:in `_call'
    /Library/Ruby/Gems/1.8/gems/actionpack-2.3.5/lib/action_controller/dispatcher.rb:130:in `build_middleware_stack'
    /Library/Ruby/Gems/1.8/gems/activerecord-2.3.5/lib/active_record/query_cache.rb:29:in `call'
    /Library/Ruby/Gems/1.8/gems/activerecord-2.3.5/lib/active_record/query_cache.rb:29:in `call'
    /Library/Ruby/Gems/1.8/gems/activerecord-2.3.5/lib/active_record/connection_adapters/abstract/query_cache.rb:34:in `cache'
    /Library/Ruby/Gems/1.8/gems/activerecord-2.3.5/lib/active_record/query_cache.rb:9:in `cache'
    /Library/Ruby/Gems/1.8/gems/activerecord-2.3.5/lib/active_record/query_cache.rb:28:in `call'
    /Library/Ruby/Gems/1.8/gems/activerecord-2.3.5/lib/active_record/connection_adapters/abstract/connection_pool.rb:361:in `call'
    /Library/Ruby/Gems/1.8/gems/actionpack-2.3.5/lib/action_controller/string_coercion.rb:25:in `call'
    /Library/Ruby/Gems/1.8/gems/rack-1.0.1/lib/rack/head.rb:9:in `call'
    /Library/Ruby/Gems/1.8/gems/rack-1.0.1/lib/rack/methodoverride.rb:24:in `call'
    /Library/Ruby/Gems/1.8/gems/actionpack-2.3.5/lib/action_controller/params_parser.rb:15:in `call'
    /Library/Ruby/Gems/1.8/gems/actionpack-2.3.5/lib/action_controller/session/cookie_store.rb:93:in `call'
    /Library/Ruby/Gems/1.8/gems/actionpack-2.3.5/lib/action_controller/failsafe.rb:26:in `call'
    /Library/Ruby/Gems/1.8/gems/rack-1.0.1/lib/rack/lock.rb:11:in `call'
    /Library/Ruby/Gems/1.8/gems/rack-1.0.1/lib/rack/lock.rb:11:in `synchronize'
    /Library/Ruby/Gems/1.8/gems/rack-1.0.1/lib/rack/lock.rb:11:in `call'
    /Library/Ruby/Gems/1.8/gems/actionpack-2.3.5/lib/action_controller/dispatcher.rb:114:in `call'
    /Library/Ruby/Gems/1.8/gems/actionpack-2.3.5/lib/action_controller/reloader.rb:34:in `run'
    /Library/Ruby/Gems/1.8/gems/actionpack-2.3.5/lib/action_controller/dispatcher.rb:108:in `call'
    /Library/Ruby/Gems/1.8/gems/rails-2.3.5/lib/rails/rack/static.rb:31:in `call'
    /Library/Ruby/Gems/1.8/gems/rack-1.0.1/lib/rack/urlmap.rb:46:in `call'
    /Library/Ruby/Gems/1.8/gems/rack-1.0.1/lib/rack/urlmap.rb:40:in `each'
    /Library/Ruby/Gems/1.8/gems/rack-1.0.1/lib/rack/urlmap.rb:40:in `call'
    /Library/Ruby/Gems/1.8/gems/rails-2.3.5/lib/rails/rack/log_tailer.rb:17:in `call'
    /Library/Ruby/Gems/1.8/gems/rack-1.0.1/lib/rack/content_length.rb:13:in `call'
    /Library/Ruby/Gems/1.8/gems/rack-1.0.1/lib/rack/chunked.rb:15:in `call'
    /Library/Ruby/Gems/1.8/gems/rack-1.0.1/lib/rack/handler/mongrel.rb:64:in `process'
    /System/Library/Frameworks/Ruby.framework/Versions/1.8/usr/lib/ruby/gems/1.8/gems/mongrel-1.1.4/lib/mongrel.rb:159:in `process_client'
    /System/Library/Frameworks/Ruby.framework/Versions/1.8/usr/lib/ruby/gems/1.8/gems/mongrel-1.1.4/lib/mongrel.rb:158:in `each'
    /System/Library/Frameworks/Ruby.framework/Versions/1.8/usr/lib/ruby/gems/1.8/gems/mongrel-1.1.4/lib/mongrel.rb:158:in `process_client'
    /System/Library/Frameworks/Ruby.framework/Versions/1.8/usr/lib/ruby/gems/1.8/gems/mongrel-1.1.4/lib/mongrel.rb:285:in `run'
    /System/Library/Frameworks/Ruby.framework/Versions/1.8/usr/lib/ruby/gems/1.8/gems/mongrel-1.1.4/lib/mongrel.rb:285:in `initialize'
    /System/Library/Frameworks/Ruby.framework/Versions/1.8/usr/lib/ruby/gems/1.8/gems/mongrel-1.1.4/lib/mongrel.rb:285:in `new'
    /System/Library/Frameworks/Ruby.framework/Versions/1.8/usr/lib/ruby/gems/1.8/gems/mongrel-1.1.4/lib/mongrel.rb:285:in `run'
    /System/Library/Frameworks/Ruby.framework/Versions/1.8/usr/lib/ruby/gems/1.8/gems/mongrel-1.1.4/lib/mongrel.rb:268:in `initialize'
    /System/Library/Frameworks/Ruby.framework/Versions/1.8/usr/lib/ruby/gems/1.8/gems/mongrel-1.1.4/lib/mongrel.rb:268:in `new'
    /System/Library/Frameworks/Ruby.framework/Versions/1.8/usr/lib/ruby/gems/1.8/gems/mongrel-1.1.4/lib/mongrel.rb:268:in `run'
    /Library/Ruby/Gems/1.8/gems/rack-1.0.1/lib/rack/handler/mongrel.rb:34:in `run'
    /Library/Ruby/Gems/1.8/gems/rails-2.3.5/lib/commands/server.rb:111
    /Library/Ruby/Site/1.8/rubygems/custom_require.rb:31:in `gem_original_require'
    /Library/Ruby/Site/1.8/rubygems/custom_require.rb:31:in `require'
    script/server:3
/!\ FAILSAFE /!\  Sun Apr 11 21:23:55 +0900 2010
  Status: 500 Internal Server Error
  /Users/ykonishi/ror/sample_app/app/helpers/application_helper.rb:11: syntax error, unexpected $end, expecting kEND
    /Library/Ruby/Gems/1.8/gems/activesupport-2.3.5/lib/active_support/dependencies.rb:380:in `load_without_new_constant_marking'
    /Library/Ruby/Gems/1.8/gems/activesupport-2.3.5/lib/active_support/dependencies.rb:380:in `load_file'
    /Library/Ruby/Gems/1.8/gems/activesupport-2.3.5/lib/active_support/dependencies.rb:521:in `new_constants_in'
    /Library/Ruby/Gems/1.8/gems/activesupport-2.3.5/lib/active_support/dependencies.rb:379:in `load_file'
    /Library/Ruby/Gems/1.8/gems/activesupport-2.3.5/lib/active_support/dependencies.rb:259:in `require_or_load'
    /Library/Ruby/Gems/1.8/gems/activesupport-2.3.5/lib/active_support/dependencies.rb:224:in `depend_on'
    /Library/Ruby/Gems/1.8/gems/activesupport-2.3.5/lib/active_support/dependencies.rb:136:in `require_dependency'
    /Library/Ruby/Gems/1.8/gems/actionpack-2.3.5/lib/action_controller/helpers.rb:197:in `default_helper_module!'
    /Library/Ruby/Gems/1.8/gems/actionpack-2.3.5/lib/action_controller/helpers.rb:212:in `__send__'
    /Library/Ruby/Gems/1.8/gems/actionpack-2.3.5/lib/action_controller/helpers.rb:212:in `inherited'
    /Users/ykonishi/ror/sample_app/app/controllers/application_controller.rb:4
    /Library/Ruby/Gems/1.8/gems/activesupport-2.3.5/lib/active_support/dependencies.rb:380:in `load_without_new_constant_marking'
    /Library/Ruby/Gems/1.8/gems/activesupport-2.3.5/lib/active_support/dependencies.rb:380:in `load_file'
    /Library/Ruby/Gems/1.8/gems/activesupport-2.3.5/lib/active_support/dependencies.rb:521:in `new_constants_in'
    /Library/Ruby/Gems/1.8/gems/activesupport-2.3.5/lib/active_support/dependencies.rb:379:in `load_file'
    /Library/Ruby/Gems/1.8/gems/activesupport-2.3.5/lib/active_support/dependencies.rb:259:in `require_or_load'
    /Library/Ruby/Gems/1.8/gems/activesupport-2.3.5/lib/active_support/dependencies.rb:425:in `load_missing_constant'
    /Library/Ruby/Gems/1.8/gems/activesupport-2.3.5/lib/active_support/dependencies.rb:80:in `const_missing'
    /Library/Ruby/Gems/1.8/gems/activesupport-2.3.5/lib/active_support/dependencies.rb:92:in `const_missing'
    /Library/Ruby/Gems/1.8/gems/actionpack-2.3.5/lib/action_controller/dispatcher.rb:89:in `dispatch'
    /Library/Ruby/Gems/1.8/gems/actionpack-2.3.5/lib/action_controller/dispatcher.rb:121:in `_call'
    /Library/Ruby/Gems/1.8/gems/actionpack-2.3.5/lib/action_controller/dispatcher.rb:130:in `build_middleware_stack'
    /Library/Ruby/Gems/1.8/gems/activerecord-2.3.5/lib/active_record/query_cache.rb:29:in `call'
    /Library/Ruby/Gems/1.8/gems/activerecord-2.3.5/lib/active_record/query_cache.rb:29:in `call'
    /Library/Ruby/Gems/1.8/gems/activerecord-2.3.5/lib/active_record/connection_adapters/abstract/query_cache.rb:34:in `cache'
    /Library/Ruby/Gems/1.8/gems/activerecord-2.3.5/lib/active_record/query_cache.rb:9:in `cache'
    /Library/Ruby/Gems/1.8/gems/activerecord-2.3.5/lib/active_record/query_cache.rb:28:in `call'
    /Library/Ruby/Gems/1.8/gems/activerecord-2.3.5/lib/active_record/connection_adapters/abstract/connection_pool.rb:361:in `call'
    /Library/Ruby/Gems/1.8/gems/actionpack-2.3.5/lib/action_controller/string_coercion.rb:25:in `call'
    /Library/Ruby/Gems/1.8/gems/rack-1.0.1/lib/rack/head.rb:9:in `call'
    /Library/Ruby/Gems/1.8/gems/rack-1.0.1/lib/rack/methodoverride.rb:24:in `call'
    /Library/Ruby/Gems/1.8/gems/actionpack-2.3.5/lib/action_controller/params_parser.rb:15:in `call'
    /Library/Ruby/Gems/1.8/gems/actionpack-2.3.5/lib/action_controller/session/cookie_store.rb:93:in `call'
    /Library/Ruby/Gems/1.8/gems/actionpack-2.3.5/lib/action_controller/failsafe.rb:26:in `call'
    /Library/Ruby/Gems/1.8/gems/rack-1.0.1/lib/rack/lock.rb:11:in `call'
    /Library/Ruby/Gems/1.8/gems/rack-1.0.1/lib/rack/lock.rb:11:in `synchronize'
    /Library/Ruby/Gems/1.8/gems/rack-1.0.1/lib/rack/lock.rb:11:in `call'
    /Library/Ruby/Gems/1.8/gems/actionpack-2.3.5/lib/action_controller/dispatcher.rb:114:in `call'
    /Library/Ruby/Gems/1.8/gems/actionpack-2.3.5/lib/action_controller/reloader.rb:34:in `run'
    /Library/Ruby/Gems/1.8/gems/actionpack-2.3.5/lib/action_controller/dispatcher.rb:108:in `call'
    /Library/Ruby/Gems/1.8/gems/rails-2.3.5/lib/rails/rack/static.rb:31:in `call'
    /Library/Ruby/Gems/1.8/gems/rack-1.0.1/lib/rack/urlmap.rb:46:in `call'
    /Library/Ruby/Gems/1.8/gems/rack-1.0.1/lib/rack/urlmap.rb:40:in `each'
    /Library/Ruby/Gems/1.8/gems/rack-1.0.1/lib/rack/urlmap.rb:40:in `call'
    /Library/Ruby/Gems/1.8/gems/rails-2.3.5/lib/rails/rack/log_tailer.rb:17:in `call'
    /Library/Ruby/Gems/1.8/gems/rack-1.0.1/lib/rack/content_length.rb:13:in `call'
    /Library/Ruby/Gems/1.8/gems/rack-1.0.1/lib/rack/chunked.rb:15:in `call'
    /Library/Ruby/Gems/1.8/gems/rack-1.0.1/lib/rack/handler/mongrel.rb:64:in `process'
    /System/Library/Frameworks/Ruby.framework/Versions/1.8/usr/lib/ruby/gems/1.8/gems/mongrel-1.1.4/lib/mongrel.rb:159:in `process_client'
    /System/Library/Frameworks/Ruby.framework/Versions/1.8/usr/lib/ruby/gems/1.8/gems/mongrel-1.1.4/lib/mongrel.rb:158:in `each'
    /System/Library/Frameworks/Ruby.framework/Versions/1.8/usr/lib/ruby/gems/1.8/gems/mongrel-1.1.4/lib/mongrel.rb:158:in `process_client'
    /System/Library/Frameworks/Ruby.framework/Versions/1.8/usr/lib/ruby/gems/1.8/gems/mongrel-1.1.4/lib/mongrel.rb:285:in `run'
    /System/Library/Frameworks/Ruby.framework/Versions/1.8/usr/lib/ruby/gems/1.8/gems/mongrel-1.1.4/lib/mongrel.rb:285:in `initialize'
    /System/Library/Frameworks/Ruby.framework/Versions/1.8/usr/lib/ruby/gems/1.8/gems/mongrel-1.1.4/lib/mongrel.rb:285:in `new'
    /System/Library/Frameworks/Ruby.framework/Versions/1.8/usr/lib/ruby/gems/1.8/gems/mongrel-1.1.4/lib/mongrel.rb:285:in `run'
    /System/Library/Frameworks/Ruby.framework/Versions/1.8/usr/lib/ruby/gems/1.8/gems/mongrel-1.1.4/lib/mongrel.rb:268:in `initialize'
    /System/Library/Frameworks/Ruby.framework/Versions/1.8/usr/lib/ruby/gems/1.8/gems/mongrel-1.1.4/lib/mongrel.rb:268:in `new'
    /System/Library/Frameworks/Ruby.framework/Versions/1.8/usr/lib/ruby/gems/1.8/gems/mongrel-1.1.4/lib/mongrel.rb:268:in `run'
    /Library/Ruby/Gems/1.8/gems/rack-1.0.1/lib/rack/handler/mongrel.rb:34:in `run'
    /Library/Ruby/Gems/1.8/gems/rails-2.3.5/lib/commands/server.rb:111
    /Library/Ruby/Site/1.8/rubygems/custom_require.rb:31:in `gem_original_require'
    /Library/Ruby/Site/1.8/rubygems/custom_require.rb:31:in `require'
    script/server:3


Processing PagesController#home (for 127.0.0.1 at 2010-04-11 21:27:38) [GET]
Rendering template within layouts/application
Rendering pages/home
Completed in 12ms (View: 11, DB: 0) | 200 OK [http://localhost/pages/home]


Processing ApplicationController#index (for 127.0.0.1 at 2010-04-11 21:27:38) [GET]

ActionController::RoutingError (No route matches "/stylesheets/blueprint/screen.css" with {:method=>:get}):
  

Rendering rescues/layout (not_found)


Processing ApplicationController#index (for 127.0.0.1 at 2010-04-11 21:27:38) [GET]

ActionController::RoutingError (No route matches "/stylesheets/blueprint/print.css" with {:method=>:get}):
  

Rendering rescues/layout (not_found)


Processing PagesController#contact (for 127.0.0.1 at 2010-04-11 21:27:52) [GET]
Rendering template within layouts/application
Rendering pages/contact
Completed in 7ms (View: 5, DB: 0) | 200 OK [http://localhost/pages/contact]


Processing ApplicationController#index (for 127.0.0.1 at 2010-04-11 21:27:52) [GET]

ActionController::RoutingError (No route matches "/stylesheets/blueprint/screen.css" with {:method=>:get}):
  

Rendering rescues/layout (not_found)


Processing ApplicationController#index (for 127.0.0.1 at 2010-04-11 21:27:52) [GET]

ActionController::RoutingError (No route matches "/stylesheets/blueprint/print.css" with {:method=>:get}):
  

Rendering rescues/layout (not_found)


Processing PagesController#contact (for 127.0.0.1 at 2010-04-17 20:43:07) [GET]
Rendering template within layouts/application
Rendering pages/contact
Completed in 2ms (View: 1, DB: 0) | 200 OK [http://localhost/pages/contact]


Processing PagesController#home (for 127.0.0.1 at 2010-04-17 21:35:59) [GET]
Rendering template within layouts/application
Rendering pages/home

ActionView::TemplateError (undefined method `image_tab' for #<ActionView::Base:0x176a1a0>) on line #14 of app/views/layouts/application.html.erb:
11:   <body>
12:     <div class="container">
13:       <div id="header">
14:         <%= image_tab("logo.png", :alt => "Sample App", :class => "round") %>
15:         <ul class="navigation round">
16:           <li><% link_to "Home", '#' %></li>
17:           <li><% link_to "Help", "#" %></li>

    app/views/layouts/application.html.erb:14

Rendered rescues/_trace (41.3ms)
Rendered rescues/_request_and_response (2.9ms)
Rendering rescues/layout (internal_server_error)


Processing PagesController#home (for 127.0.0.1 at 2010-04-17 21:37:21) [GET]
Rendering template within layouts/application
Rendering pages/home
Completed in 10ms (View: 8, DB: 0) | 200 OK [http://localhost/pages/home]


Processing ApplicationController#index (for 127.0.0.1 at 2010-04-17 21:37:21) [GET]

ActionController::RoutingError (No route matches "/images/logo.png" with {:method=>:get}):
  

Rendering rescues/layout (not_found)


Processing ApplicationController#index (for 127.0.0.1 at 2010-04-17 21:37:21) [GET]

ActionController::RoutingError (No route matches "/stylesheets/custom.css" with {:method=>:get}):
  

Rendering rescues/layout (not_found)


Processing PagesController#home (for 127.0.0.1 at 2010-04-17 21:38:10) [GET]
Rendering template within layouts/application
Rendering pages/home
Completed in 8ms (View: 6, DB: 0) | 200 OK [http://localhost/pages/home]


Processing ApplicationController#index (for 127.0.0.1 at 2010-04-17 21:38:10) [GET]

ActionController::RoutingError (No route matches "/stylesheets/custom.css" with {:method=>:get}):
  

Rendering rescues/layout (not_found)


Processing ApplicationController#index (for 127.0.0.1 at 2010-04-17 21:38:10) [GET]

ActionController::RoutingError (No route matches "/images/logo.png" with {:method=>:get}):
  

Rendering rescues/layout (not_found)


Processing PagesController#home (for 127.0.0.1 at 2010-04-17 21:41:22) [GET]
Rendering template within layouts/application
Rendering pages/home
Completed in 10ms (View: 8, DB: 0) | 200 OK [http://localhost/pages/home]


Processing ApplicationController#index (for 127.0.0.1 at 2010-04-17 21:41:22) [GET]

ActionController::RoutingError (No route matches "/stylesheets/custom.css" with {:method=>:get}):
  

Rendering rescues/layout (not_found)


Processing ApplicationController#index (for 127.0.0.1 at 2010-04-17 21:41:22) [GET]

ActionController::RoutingError (No route matches "/images/logo.png" with {:method=>:get}):
  

Rendering rescues/layout (not_found)


Processing PagesController#home (for 127.0.0.1 at 2010-04-17 21:41:23) [GET]
Rendering template within layouts/application
Rendering pages/home
Completed in 3ms (View: 2, DB: 0) | 200 OK [http://localhost/pages/home]


Processing ApplicationController#index (for 127.0.0.1 at 2010-04-17 21:41:23) [GET]

ActionController::RoutingError (No route matches "/stylesheets/custom.css" with {:method=>:get}):
  

Rendering rescues/layout (not_found)


Processing ApplicationController#index (for 127.0.0.1 at 2010-04-17 21:41:23) [GET]

ActionController::RoutingError (No route matches "/images/logo.png" with {:method=>:get}):
  

Rendering rescues/layout (not_found)


Processing PagesController#home (for 127.0.0.1 at 2010-04-17 22:09:29) [GET]
Rendering template within layouts/application
Rendering pages/home
Completed in 3ms (View: 2, DB: 0) | 200 OK [http://localhost/pages/home]


Processing ApplicationController#index (for 127.0.0.1 at 2010-04-17 22:09:29) [GET]

ActionController::RoutingError (No route matches "/stylesheets/custom.css" with {:method=>:get}):
  

Rendering rescues/layout (not_found)


Processing ApplicationController#index (for 127.0.0.1 at 2010-04-17 22:09:29) [GET]

ActionController::RoutingError (No route matches "/images/logo.png" with {:method=>:get}):
  

Rendering rescues/layout (not_found)


Processing PagesController#home (for 127.0.0.1 at 2010-04-17 22:09:30) [GET]
Rendering template within layouts/application
Rendering pages/home
Completed in 3ms (View: 2, DB: 0) | 200 OK [http://localhost/pages/home]


Processing ApplicationController#index (for 127.0.0.1 at 2010-04-17 22:09:30) [GET]

ActionController::RoutingError (No route matches "/stylesheets/custom.css" with {:method=>:get}):
  

Rendering rescues/layout (not_found)


Processing ApplicationController#index (for 127.0.0.1 at 2010-04-17 22:09:30) [GET]

ActionController::RoutingError (No route matches "/images/logo.png" with {:method=>:get}):
  

Rendering rescues/layout (not_found)


Processing PagesController#http (for 127.0.0.1 at 2010-04-17 22:12:52) [GET]

ActionController::UnknownAction (No action responded to http. Actions: about, contact, and home):
  

Rendering rescues/layout (not_found)


Processing PagesController#home (for 127.0.0.1 at 2010-04-17 22:13:49) [GET]
Rendering template within layouts/application
Rendering pages/home
Completed in 4ms (View: 3, DB: 0) | 200 OK [http://localhost/pages/home]


Processing ApplicationController#index (for 127.0.0.1 at 2010-04-17 22:13:49) [GET]

ActionController::RoutingError (No route matches "/stylesheets/custom.css" with {:method=>:get}):
  

Rendering rescues/layout (not_found)


Processing PagesController#home (for 127.0.0.1 at 2010-04-17 22:15:28) [GET]
Rendering template within layouts/application
Rendering pages/home
Completed in 8ms (View: 6, DB: 0) | 200 OK [http://localhost/pages/home]


Processing ApplicationController#index (for 127.0.0.1 at 2010-04-17 22:15:28) [GET]

ActionController::RoutingError (No route matches "/stylesheets/custom.css" with {:method=>:get}):
  

Rendering rescues/layout (not_found)


Processing PagesController#home (for 127.0.0.1 at 2010-04-17 23:08:23) [GET]
Rendering template within layouts/application
Rendering pages/home
Completed in 15ms (View: 10, DB: 0) | 200 OK [http://localhost/pages/home]


Processing PagesController#home (for 127.0.0.1 at 2010-04-17 23:09:03) [GET]
Rendering template within layouts/application
Rendering pages/home
Completed in 4ms (View: 3, DB: 0) | 200 OK [http://localhost/pages/home]


Processing PagesController#home (for 127.0.0.1 at 2010-04-17 23:13:53) [GET]
Rendering template within layouts/application
Rendering pages/home
Completed in 3ms (View: 2, DB: 0) | 200 OK [http://localhost/pages/home]


Processing PagesController#home (for 127.0.0.1 at 2010-04-17 23:16:51) [GET]
Rendering template within layouts/application
Rendering pages/home
Completed in 5ms (View: 3, DB: 0) | 200 OK [http://localhost/pages/home]


Processing PagesController#home (for 127.0.0.1 at 2010-04-17 23:18:21) [GET]
Rendering template within layouts/application
Rendering pages/home
Completed in 4ms (View: 2, DB: 0) | 200 OK [http://localhost/pages/home]


Processing PagesController#home (for 127.0.0.1 at 2010-04-18 08:05:25) [GET]
Rendering template within layouts/application
Rendering pages/home
Rendered layouts/_stylesheets (1.1ms)
ERROR: compiling _run_erb_app47views47layouts47_header46html46erb_locals_header_object RAISED compile error
/Users/ykonishi/ror/sample_app/app/views/layouts/_header.html.erb:2: syntax error, unexpected ';', expecting ')'
...p", :class => "round" ).to_s); @output_buffer.concat "\n"
                              ^
Function body:           def _run_erb_app47views47layouts47_header46html46erb_locals_header_object(local_assigns)
            old_output_buffer = output_buffer;object = local_assigns[:object];header = local_assigns[:header];;@output_buffer = '';  __in_erb_template=true ; @output_buffer.concat "<div id=\"header\" class=\"round\">\n"
@output_buffer.concat "  "; @output_buffer.concat(( image_tag("logo.png", :alt => "Sample App", :class => "round" ).to_s); @output_buffer.concat "\n"
@output_buffer.concat "  <ul class=\"navigation round\">\n"
@output_buffer.concat "    <li>"; @output_buffer.concat(( link_to "Home", '#' ).to_s); @output_buffer.concat "\n"
@output_buffer.concat "    <li>"; @output_buffer.concat(( link_to "Help", '#' ).to_s); @output_buffer.concat "\n"
@output_buffer.concat "    <li>"; @output_buffer.concat(( link_to "Sign in", '#' ).to_s); @output_buffer.concat "\n"
@output_buffer.concat "  </ul>\n"
@output_buffer.concat "</div>\n"
@output_buffer.concat "\n"
@output_buffer
          ensure
            self.output_buffer = old_output_buffer
          end
Backtrace: /Users/ykonishi/ror/sample_app/app/views/layouts/_header.html.erb:13:in `compile!'
/Library/Ruby/Gems/1.8/gems/actionpack-2.3.5/lib/action_view/renderable.rb:61:in `compile'
/Library/Ruby/Gems/1.8/gems/actionpack-2.3.5/lib/action_view/renderable.rb:28:in `render'
/Library/Ruby/Gems/1.8/gems/actionpack-2.3.5/lib/action_view/renderable_partial.rb:20:in `render'
/Library/Ruby/Gems/1.8/gems/actionpack-2.3.5/lib/action_controller/benchmarking.rb:26:in `benchmark'
/Library/Ruby/Gems/1.8/gems/activesupport-2.3.5/lib/active_support/core_ext/benchmark.rb:17:in `ms'
/Library/Ruby/Gems/1.8/gems/activesupport-2.3.5/lib/active_support/core_ext/benchmark.rb:10:in `realtime'
/Library/Ruby/Gems/1.8/gems/activesupport-2.3.5/lib/active_support/core_ext/benchmark.rb:17:in `ms'
/Library/Ruby/Gems/1.8/gems/actionpack-2.3.5/lib/action_controller/benchmarking.rb:26:in `benchmark'
/Library/Ruby/Gems/1.8/gems/actionpack-2.3.5/lib/action_view/renderable_partial.rb:19:in `render'
/Library/Ruby/Gems/1.8/gems/actionpack-2.3.5/lib/action_view/template.rb:205:in `render_template'
/Library/Ruby/Gems/1.8/gems/actionpack-2.3.5/lib/action_view/renderable_partial.rb:44:in `render_partial'
/Library/Ruby/Gems/1.8/gems/actionpack-2.3.5/lib/action_view/partials.rb:184:in `render_partial'
/Library/Ruby/Gems/1.8/gems/actionpack-2.3.5/lib/action_view/base.rb:276:in `render'
/Users/ykonishi/ror/sample_app/app/views/layouts/application.html.erb:10:in `_run_erb_app47views47layouts47application46html46erb'
/Library/Ruby/Gems/1.8/gems/actionpack-2.3.5/lib/action_view/renderable.rb:34:in `send'
/Library/Ruby/Gems/1.8/gems/actionpack-2.3.5/lib/action_view/renderable.rb:34:in `render'
/Library/Ruby/Gems/1.8/gems/actionpack-2.3.5/lib/action_view/base.rb:306:in `with_template'
/Library/Ruby/Gems/1.8/gems/actionpack-2.3.5/lib/action_view/renderable.rb:30:in `render'
/Library/Ruby/Gems/1.8/gems/actionpack-2.3.5/lib/action_view/template.rb:205:in `render_template'
/Library/Ruby/Gems/1.8/gems/actionpack-2.3.5/lib/action_view/base.rb:265:in `render'
/Library/Ruby/Gems/1.8/gems/actionpack-2.3.5/lib/action_view/base.rb:352:in `_render_with_layout'
/Library/Ruby/Gems/1.8/gems/actionpack-2.3.5/lib/action_view/base.rb:262:in `render'
/Library/Ruby/Gems/1.8/gems/actionpack-2.3.5/lib/action_controller/base.rb:1250:in `render_for_file'
/Library/Ruby/Gems/1.8/gems/actionpack-2.3.5/lib/action_controller/base.rb:945:in `render_without_benchmark'
/Library/Ruby/Gems/1.8/gems/actionpack-2.3.5/lib/action_controller/benchmarking.rb:51:in `render'
/Library/Ruby/Gems/1.8/gems/activesupport-2.3.5/lib/active_support/core_ext/benchmark.rb:17:in `ms'
/Library/Ruby/Gems/1.8/gems/activesupport-2.3.5/lib/active_support/core_ext/benchmark.rb:10:in `realtime'
/Library/Ruby/Gems/1.8/gems/activesupport-2.3.5/lib/active_support/core_ext/benchmark.rb:17:in `ms'
/Library/Ruby/Gems/1.8/gems/actionpack-2.3.5/lib/action_controller/benchmarking.rb:51:in `render'
/Library/Ruby/Gems/1.8/gems/actionpack-2.3.5/lib/action_controller/base.rb:1326:in `default_render'
/Library/Ruby/Gems/1.8/gems/actionpack-2.3.5/lib/action_controller/base.rb:1332:in `perform_action_without_filters'
/Library/Ruby/Gems/1.8/gems/actionpack-2.3.5/lib/action_controller/filters.rb:617:in `call_filters'
/Library/Ruby/Gems/1.8/gems/actionpack-2.3.5/lib/action_controller/filters.rb:610:in `perform_action_without_benchmark'
/Library/Ruby/Gems/1.8/gems/actionpack-2.3.5/lib/action_controller/benchmarking.rb:68:in `perform_action_without_rescue'
/Library/Ruby/Gems/1.8/gems/activesupport-2.3.5/lib/active_support/core_ext/benchmark.rb:17:in `ms'
/Library/Ruby/Gems/1.8/gems/activesupport-2.3.5/lib/active_support/core_ext/benchmark.rb:10:in `realtime'
/Library/Ruby/Gems/1.8/gems/activesupport-2.3.5/lib/active_support/core_ext/benchmark.rb:17:in `ms'
/Library/Ruby/Gems/1.8/gems/actionpack-2.3.5/lib/action_controller/benchmarking.rb:68:in `perform_action_without_rescue'
/Library/Ruby/Gems/1.8/gems/actionpack-2.3.5/lib/action_controller/rescue.rb:160:in `perform_action_without_flash'
/Library/Ruby/Gems/1.8/gems/actionpack-2.3.5/lib/action_controller/flash.rb:146:in `perform_action'
/Library/Ruby/Gems/1.8/gems/actionpack-2.3.5/lib/action_controller/base.rb:532:in `send'
/Library/Ruby/Gems/1.8/gems/actionpack-2.3.5/lib/action_controller/base.rb:532:in `process_without_filters'
/Library/Ruby/Gems/1.8/gems/actionpack-2.3.5/lib/action_controller/filters.rb:606:in `process'
/Library/Ruby/Gems/1.8/gems/actionpack-2.3.5/lib/action_controller/base.rb:391:in `process'
/Library/Ruby/Gems/1.8/gems/actionpack-2.3.5/lib/action_controller/base.rb:386:in `call'
/Library/Ruby/Gems/1.8/gems/actionpack-2.3.5/lib/action_controller/routing/route_set.rb:437:in `call'
/Library/Ruby/Gems/1.8/gems/actionpack-2.3.5/lib/action_controller/dispatcher.rb:87:in `dispatch'
/Library/Ruby/Gems/1.8/gems/actionpack-2.3.5/lib/action_controller/dispatcher.rb:121:in `_call'
/Library/Ruby/Gems/1.8/gems/actionpack-2.3.5/lib/action_controller/dispatcher.rb:130:in `build_middleware_stack'
/Library/Ruby/Gems/1.8/gems/activerecord-2.3.5/lib/active_record/query_cache.rb:29:in `call'
/Library/Ruby/Gems/1.8/gems/activerecord-2.3.5/lib/active_record/query_cache.rb:29:in `call'
/Library/Ruby/Gems/1.8/gems/activerecord-2.3.5/lib/active_record/connection_adapters/abstract/query_cache.rb:34:in `cache'
/Library/Ruby/Gems/1.8/gems/activerecord-2.3.5/lib/active_record/query_cache.rb:9:in `cache'
/Library/Ruby/Gems/1.8/gems/activerecord-2.3.5/lib/active_record/query_cache.rb:28:in `call'
/Library/Ruby/Gems/1.8/gems/activerecord-2.3.5/lib/active_record/connection_adapters/abstract/connection_pool.rb:361:in `call'
/Library/Ruby/Gems/1.8/gems/actionpack-2.3.5/lib/action_controller/string_coercion.rb:25:in `call'
/Library/Ruby/Gems/1.8/gems/rack-1.0.1/lib/rack/head.rb:9:in `call'
/Library/Ruby/Gems/1.8/gems/rack-1.0.1/lib/rack/methodoverride.rb:24:in `call'
/Library/Ruby/Gems/1.8/gems/actionpack-2.3.5/lib/action_controller/params_parser.rb:15:in `call'
/Library/Ruby/Gems/1.8/gems/actionpack-2.3.5/lib/action_controller/session/cookie_store.rb:93:in `call'
/Library/Ruby/Gems/1.8/gems/actionpack-2.3.5/lib/action_controller/failsafe.rb:26:in `call'
/Library/Ruby/Gems/1.8/gems/rack-1.0.1/lib/rack/lock.rb:11:in `call'
/Library/Ruby/Gems/1.8/gems/rack-1.0.1/lib/rack/lock.rb:11:in `synchronize'
/Library/Ruby/Gems/1.8/gems/rack-1.0.1/lib/rack/lock.rb:11:in `call'
/Library/Ruby/Gems/1.8/gems/actionpack-2.3.5/lib/action_controller/dispatcher.rb:114:in `call'
/Library/Ruby/Gems/1.8/gems/actionpack-2.3.5/lib/action_controller/reloader.rb:34:in `run'
/Library/Ruby/Gems/1.8/gems/actionpack-2.3.5/lib/action_controller/dispatcher.rb:108:in `call'
/Library/Ruby/Gems/1.8/gems/rails-2.3.5/lib/rails/rack/static.rb:31:in `call'
/Library/Ruby/Gems/1.8/gems/rack-1.0.1/lib/rack/urlmap.rb:46:in `call'
/Library/Ruby/Gems/1.8/gems/rack-1.0.1/lib/rack/urlmap.rb:40:in `each'
/Library/Ruby/Gems/1.8/gems/rack-1.0.1/lib/rack/urlmap.rb:40:in `call'
/Library/Ruby/Gems/1.8/gems/rails-2.3.5/lib/rails/rack/log_tailer.rb:17:in `call'
/Library/Ruby/Gems/1.8/gems/rack-1.0.1/lib/rack/content_length.rb:13:in `call'
/Library/Ruby/Gems/1.8/gems/rack-1.0.1/lib/rack/chunked.rb:15:in `call'
/Library/Ruby/Gems/1.8/gems/rack-1.0.1/lib/rack/handler/mongrel.rb:64:in `process'
/System/Library/Frameworks/Ruby.framework/Versions/1.8/usr/lib/ruby/gems/1.8/gems/mongrel-1.1.4/lib/mongrel.rb:159:in `process_client'
/System/Library/Frameworks/Ruby.framework/Versions/1.8/usr/lib/ruby/gems/1.8/gems/mongrel-1.1.4/lib/mongrel.rb:158:in `each'
/System/Library/Frameworks/Ruby.framework/Versions/1.8/usr/lib/ruby/gems/1.8/gems/mongrel-1.1.4/lib/mongrel.rb:158:in `process_client'
/System/Library/Frameworks/Ruby.framework/Versions/1.8/usr/lib/ruby/gems/1.8/gems/mongrel-1.1.4/lib/mongrel.rb:285:in `run'
/System/Library/Frameworks/Ruby.framework/Versions/1.8/usr/lib/ruby/gems/1.8/gems/mongrel-1.1.4/lib/mongrel.rb:285:in `initialize'
/System/Library/Frameworks/Ruby.framework/Versions/1.8/usr/lib/ruby/gems/1.8/gems/mongrel-1.1.4/lib/mongrel.rb:285:in `new'
/System/Library/Frameworks/Ruby.framework/Versions/1.8/usr/lib/ruby/gems/1.8/gems/mongrel-1.1.4/lib/mongrel.rb:285:in `run'
/System/Library/Frameworks/Ruby.framework/Versions/1.8/usr/lib/ruby/gems/1.8/gems/mongrel-1.1.4/lib/mongrel.rb:268:in `initialize'
/System/Library/Frameworks/Ruby.framework/Versions/1.8/usr/lib/ruby/gems/1.8/gems/mongrel-1.1.4/lib/mongrel.rb:268:in `new'
/System/Library/Frameworks/Ruby.framework/Versions/1.8/usr/lib/ruby/gems/1.8/gems/mongrel-1.1.4/lib/mongrel.rb:268:in `run'
/Library/Ruby/Gems/1.8/gems/rack-1.0.1/lib/rack/handler/mongrel.rb:34:in `run'
/Library/Ruby/Gems/1.8/gems/rails-2.3.5/lib/commands/server.rb:111
/Library/Ruby/Site/1.8/rubygems/custom_require.rb:31:in `gem_original_require'
/Library/Ruby/Site/1.8/rubygems/custom_require.rb:31:in `require'
script/server:3

ActionView::TemplateError (compile error
/Users/ykonishi/ror/sample_app/app/views/layouts/_header.html.erb:2: syntax error, unexpected ';', expecting ')'
...p", :class => "round" ).to_s); @output_buffer.concat "\n"
                              ^) on line #2 of app/views/layouts/_header.html.erb:
1: <div id="header" class="round">
2:   <%= image_tag("logo.png", :alt => "Sample App", :class => "round" %>
3:   <ul class="navigation round">
4:     <li><%= link_to "Home", '#' %>
5:     <li><%= link_to "Help", '#' %>

    app/views/layouts/_header.html.erb:13:in `compile!'
    app/views/layouts/application.html.erb:10

Rendered rescues/_trace (103.7ms)
Rendered rescues/_request_and_response (0.3ms)
Rendering rescues/layout (internal_server_error)


Processing PagesController#home (for 127.0.0.1 at 2010-04-18 08:06:21) [GET]
Rendering template within layouts/application
Rendering pages/home
Rendered layouts/_stylesheets (0.5ms)
Rendered layouts/_header (1.4ms)
Completed in 8ms (View: 6, DB: 0) | 200 OK [http://localhost/pages/home]


Processing PagesController#home (for 127.0.0.1 at 2010-04-18 08:14:00) [GET]
Rendering template within layouts/application
Rendering pages/home
ERROR: compiling _run_erb_app47views47layouts47application46html46erb RAISED compile error
/Users/ykonishi/ror/sample_app/app/views/layouts/application.html.erb:14: syntax error, unexpected tSTRING_BEG, expecting kDO or '{' or '('
...er.concat "      "; + render 'layouts/footer' ; @output_buff...
                              ^
Function body:           def _run_erb_app47views47layouts47application46html46erb(local_assigns)
            old_output_buffer = output_buffer;;@output_buffer = '';  __in_erb_template=true ; @output_buffer.concat "<!DOCTYPE html PUBLIC \"-//W3C//DTD XHTML 1.0 Strict//EN\"\n"
@output_buffer.concat "  \"http://www.w3.org/TR/xhtml1/DTD/xhtml1-strict.dtd\">\n"
@output_buffer.concat "<html lang=\"en\" xml:lang=\"en\" xmlns=\"http://www.w3.org/1999/xhtml\">\n"
@output_buffer.concat "  <head>\n"
@output_buffer.concat "    <title>"; @output_buffer.concat(( title ).to_s); @output_buffer.concat "</title>\n"
@output_buffer.concat "    "; @output_buffer.concat(( render 'layouts/stylesheets' ).to_s); @output_buffer.concat "\n"
@output_buffer.concat "  </head>\n"
@output_buffer.concat "  <body>\n"
@output_buffer.concat "    <div class=\"container\">\n"
@output_buffer.concat "      "; @output_buffer.concat(( render 'layouts/header' ).to_s); @output_buffer.concat "\n"
@output_buffer.concat "      <div id=\"content\" class=\"round\">\n"
@output_buffer.concat "        "; @output_buffer.concat(( yield ).to_s); @output_buffer.concat "\n"
@output_buffer.concat "      </div>\n"
@output_buffer.concat "      "; + render 'layouts/footer' ; @output_buffer.concat "\n"
@output_buffer.concat "    </div>\n"
@output_buffer.concat "  </body>\n"
@output_buffer.concat "</html>\n"
@output_buffer.concat "\n"
@output_buffer.concat "\n"
@output_buffer
          ensure
            self.output_buffer = old_output_buffer
          end
Backtrace: /Users/ykonishi/ror/sample_app/app/views/layouts/application.html.erb:23:in `compile!'
/Library/Ruby/Gems/1.8/gems/actionpack-2.3.5/lib/action_view/renderable.rb:61:in `compile'
/Library/Ruby/Gems/1.8/gems/actionpack-2.3.5/lib/action_view/renderable.rb:28:in `render'
/Library/Ruby/Gems/1.8/gems/actionpack-2.3.5/lib/action_view/template.rb:205:in `render_template'
/Library/Ruby/Gems/1.8/gems/actionpack-2.3.5/lib/action_view/base.rb:265:in `render'
/Library/Ruby/Gems/1.8/gems/actionpack-2.3.5/lib/action_view/base.rb:352:in `_render_with_layout'
/Library/Ruby/Gems/1.8/gems/actionpack-2.3.5/lib/action_view/base.rb:262:in `render'
/Library/Ruby/Gems/1.8/gems/actionpack-2.3.5/lib/action_controller/base.rb:1250:in `render_for_file'
/Library/Ruby/Gems/1.8/gems/actionpack-2.3.5/lib/action_controller/base.rb:945:in `render_without_benchmark'
/Library/Ruby/Gems/1.8/gems/actionpack-2.3.5/lib/action_controller/benchmarking.rb:51:in `render'
/Library/Ruby/Gems/1.8/gems/activesupport-2.3.5/lib/active_support/core_ext/benchmark.rb:17:in `ms'
/Library/Ruby/Gems/1.8/gems/activesupport-2.3.5/lib/active_support/core_ext/benchmark.rb:10:in `realtime'
/Library/Ruby/Gems/1.8/gems/activesupport-2.3.5/lib/active_support/core_ext/benchmark.rb:17:in `ms'
/Library/Ruby/Gems/1.8/gems/actionpack-2.3.5/lib/action_controller/benchmarking.rb:51:in `render'
/Library/Ruby/Gems/1.8/gems/actionpack-2.3.5/lib/action_controller/base.rb:1326:in `default_render'
/Library/Ruby/Gems/1.8/gems/actionpack-2.3.5/lib/action_controller/base.rb:1332:in `perform_action_without_filters'
/Library/Ruby/Gems/1.8/gems/actionpack-2.3.5/lib/action_controller/filters.rb:617:in `call_filters'
/Library/Ruby/Gems/1.8/gems/actionpack-2.3.5/lib/action_controller/filters.rb:610:in `perform_action_without_benchmark'
/Library/Ruby/Gems/1.8/gems/actionpack-2.3.5/lib/action_controller/benchmarking.rb:68:in `perform_action_without_rescue'
/Library/Ruby/Gems/1.8/gems/activesupport-2.3.5/lib/active_support/core_ext/benchmark.rb:17:in `ms'
/Library/Ruby/Gems/1.8/gems/activesupport-2.3.5/lib/active_support/core_ext/benchmark.rb:10:in `realtime'
/Library/Ruby/Gems/1.8/gems/activesupport-2.3.5/lib/active_support/core_ext/benchmark.rb:17:in `ms'
/Library/Ruby/Gems/1.8/gems/actionpack-2.3.5/lib/action_controller/benchmarking.rb:68:in `perform_action_without_rescue'
/Library/Ruby/Gems/1.8/gems/actionpack-2.3.5/lib/action_controller/rescue.rb:160:in `perform_action_without_flash'
/Library/Ruby/Gems/1.8/gems/actionpack-2.3.5/lib/action_controller/flash.rb:146:in `perform_action'
/Library/Ruby/Gems/1.8/gems/actionpack-2.3.5/lib/action_controller/base.rb:532:in `send'
/Library/Ruby/Gems/1.8/gems/actionpack-2.3.5/lib/action_controller/base.rb:532:in `process_without_filters'
/Library/Ruby/Gems/1.8/gems/actionpack-2.3.5/lib/action_controller/filters.rb:606:in `process'
/Library/Ruby/Gems/1.8/gems/actionpack-2.3.5/lib/action_controller/base.rb:391:in `process'
/Library/Ruby/Gems/1.8/gems/actionpack-2.3.5/lib/action_controller/base.rb:386:in `call'
/Library/Ruby/Gems/1.8/gems/actionpack-2.3.5/lib/action_controller/routing/route_set.rb:437:in `call'
/Library/Ruby/Gems/1.8/gems/actionpack-2.3.5/lib/action_controller/dispatcher.rb:87:in `dispatch'
/Library/Ruby/Gems/1.8/gems/actionpack-2.3.5/lib/action_controller/dispatcher.rb:121:in `_call'
/Library/Ruby/Gems/1.8/gems/actionpack-2.3.5/lib/action_controller/dispatcher.rb:130:in `build_middleware_stack'
/Library/Ruby/Gems/1.8/gems/activerecord-2.3.5/lib/active_record/query_cache.rb:29:in `call'
/Library/Ruby/Gems/1.8/gems/activerecord-2.3.5/lib/active_record/query_cache.rb:29:in `call'
/Library/Ruby/Gems/1.8/gems/activerecord-2.3.5/lib/active_record/connection_adapters/abstract/query_cache.rb:34:in `cache'
/Library/Ruby/Gems/1.8/gems/activerecord-2.3.5/lib/active_record/query_cache.rb:9:in `cache'
/Library/Ruby/Gems/1.8/gems/activerecord-2.3.5/lib/active_record/query_cache.rb:28:in `call'
/Library/Ruby/Gems/1.8/gems/activerecord-2.3.5/lib/active_record/connection_adapters/abstract/connection_pool.rb:361:in `call'
/Library/Ruby/Gems/1.8/gems/actionpack-2.3.5/lib/action_controller/string_coercion.rb:25:in `call'
/Library/Ruby/Gems/1.8/gems/rack-1.0.1/lib/rack/head.rb:9:in `call'
/Library/Ruby/Gems/1.8/gems/rack-1.0.1/lib/rack/methodoverride.rb:24:in `call'
/Library/Ruby/Gems/1.8/gems/actionpack-2.3.5/lib/action_controller/params_parser.rb:15:in `call'
/Library/Ruby/Gems/1.8/gems/actionpack-2.3.5/lib/action_controller/session/cookie_store.rb:93:in `call'
/Library/Ruby/Gems/1.8/gems/actionpack-2.3.5/lib/action_controller/failsafe.rb:26:in `call'
/Library/Ruby/Gems/1.8/gems/rack-1.0.1/lib/rack/lock.rb:11:in `call'
/Library/Ruby/Gems/1.8/gems/rack-1.0.1/lib/rack/lock.rb:11:in `synchronize'
/Library/Ruby/Gems/1.8/gems/rack-1.0.1/lib/rack/lock.rb:11:in `call'
/Library/Ruby/Gems/1.8/gems/actionpack-2.3.5/lib/action_controller/dispatcher.rb:114:in `call'
/Library/Ruby/Gems/1.8/gems/actionpack-2.3.5/lib/action_controller/reloader.rb:34:in `run'
/Library/Ruby/Gems/1.8/gems/actionpack-2.3.5/lib/action_controller/dispatcher.rb:108:in `call'
/Library/Ruby/Gems/1.8/gems/rails-2.3.5/lib/rails/rack/static.rb:31:in `call'
/Library/Ruby/Gems/1.8/gems/rack-1.0.1/lib/rack/urlmap.rb:46:in `call'
/Library/Ruby/Gems/1.8/gems/rack-1.0.1/lib/rack/urlmap.rb:40:in `each'
/Library/Ruby/Gems/1.8/gems/rack-1.0.1/lib/rack/urlmap.rb:40:in `call'
/Library/Ruby/Gems/1.8/gems/rails-2.3.5/lib/rails/rack/log_tailer.rb:17:in `call'
/Library/Ruby/Gems/1.8/gems/rack-1.0.1/lib/rack/content_length.rb:13:in `call'
/Library/Ruby/Gems/1.8/gems/rack-1.0.1/lib/rack/chunked.rb:15:in `call'
/Library/Ruby/Gems/1.8/gems/rack-1.0.1/lib/rack/handler/mongrel.rb:64:in `process'
/System/Library/Frameworks/Ruby.framework/Versions/1.8/usr/lib/ruby/gems/1.8/gems/mongrel-1.1.4/lib/mongrel.rb:159:in `process_client'
/System/Library/Frameworks/Ruby.framework/Versions/1.8/usr/lib/ruby/gems/1.8/gems/mongrel-1.1.4/lib/mongrel.rb:158:in `each'
/System/Library/Frameworks/Ruby.framework/Versions/1.8/usr/lib/ruby/gems/1.8/gems/mongrel-1.1.4/lib/mongrel.rb:158:in `process_client'
/System/Library/Frameworks/Ruby.framework/Versions/1.8/usr/lib/ruby/gems/1.8/gems/mongrel-1.1.4/lib/mongrel.rb:285:in `run'
/System/Library/Frameworks/Ruby.framework/Versions/1.8/usr/lib/ruby/gems/1.8/gems/mongrel-1.1.4/lib/mongrel.rb:285:in `initialize'
/System/Library/Frameworks/Ruby.framework/Versions/1.8/usr/lib/ruby/gems/1.8/gems/mongrel-1.1.4/lib/mongrel.rb:285:in `new'
/System/Library/Frameworks/Ruby.framework/Versions/1.8/usr/lib/ruby/gems/1.8/gems/mongrel-1.1.4/lib/mongrel.rb:285:in `run'
/System/Library/Frameworks/Ruby.framework/Versions/1.8/usr/lib/ruby/gems/1.8/gems/mongrel-1.1.4/lib/mongrel.rb:268:in `initialize'
/System/Library/Frameworks/Ruby.framework/Versions/1.8/usr/lib/ruby/gems/1.8/gems/mongrel-1.1.4/lib/mongrel.rb:268:in `new'
/System/Library/Frameworks/Ruby.framework/Versions/1.8/usr/lib/ruby/gems/1.8/gems/mongrel-1.1.4/lib/mongrel.rb:268:in `run'
/Library/Ruby/Gems/1.8/gems/rack-1.0.1/lib/rack/handler/mongrel.rb:34:in `run'
/Library/Ruby/Gems/1.8/gems/rails-2.3.5/lib/commands/server.rb:111
/Library/Ruby/Site/1.8/rubygems/custom_require.rb:31:in `gem_original_require'
/Library/Ruby/Site/1.8/rubygems/custom_require.rb:31:in `require'
script/server:3

ActionView::TemplateError (compile error
/Users/ykonishi/ror/sample_app/app/views/layouts/application.html.erb:14: syntax error, unexpected tSTRING_BEG, expecting kDO or '{' or '('
...er.concat "      "; + render 'layouts/footer' ; @output_buff...
                              ^) on line #14 of app/views/layouts/application.html.erb:
11:       <div id="content" class="round">
12:         <%= yield %>
13:       </div>
14:       <%+ render 'layouts/footer' %>
15:     </div>
16:   </body>
17: </html>

    app/views/layouts/application.html.erb:23:in `compile!'

Rendered rescues/_trace (34.1ms)
Rendered rescues/_request_and_response (0.3ms)
Rendering rescues/layout (internal_server_error)


Processing PagesController#home (for 127.0.0.1 at 2010-04-18 08:14:34) [GET]
Rendering template within layouts/application
Rendering pages/home
Rendered layouts/_stylesheets (0.5ms)
Rendered layouts/_header (0.5ms)
Rendered layouts/_footer (0.8ms)
Completed in 13ms (View: 11, DB: 0) | 200 OK [http://localhost/pages/home]


Processing PagesController#home (for 127.0.0.1 at 2010-04-18 08:18:05) [GET]
Rendering template within layouts/application
Rendering pages/home
Rendered layouts/_stylesheets (0.5ms)
Rendered layouts/_header (0.4ms)
Rendered layouts/_footer (0.8ms)
Completed in 8ms (View: 6, DB: 0) | 200 OK [http://localhost/pages/home]


Processing PagesController#home (for 127.0.0.1 at 2010-04-18 08:19:57) [GET]
Rendering template within layouts/application
Rendering pages/home
Rendered layouts/_stylesheets (1.0ms)
Rendered layouts/_header (0.4ms)
Rendered layouts/_footer (0.1ms)
Completed in 72ms (View: 70, DB: 0) | 200 OK [http://localhost/pages/home]


Processing PagesController#home (for 127.0.0.1 at 2010-04-18 08:19:58) [GET]
Rendering template within layouts/application
Rendering pages/home
Rendered layouts/_stylesheets (0.4ms)
Rendered layouts/_header (0.4ms)
Rendered layouts/_footer (0.1ms)
Completed in 4ms (View: 2, DB: 0) | 200 OK [http://localhost/pages/home]


Processing PagesController#home (for 127.0.0.1 at 2010-04-18 08:19:58) [GET]
Rendering template within layouts/application
Rendering pages/home
Rendered layouts/_stylesheets (0.5ms)
Rendered layouts/_header (0.4ms)
Rendered layouts/_footer (0.1ms)
Completed in 4ms (View: 2, DB: 0) | 200 OK [http://localhost/pages/home]


Processing PagesController#home (for 127.0.0.1 at 2010-04-18 08:19:59) [GET]
Rendering template within layouts/application
Rendering pages/home
Rendered layouts/_stylesheets (0.4ms)
Rendered layouts/_header (0.4ms)
Rendered layouts/_footer (0.1ms)
Completed in 4ms (View: 2, DB: 0) | 200 OK [http://localhost/pages/home]


Processing PagesController#home (for 127.0.0.1 at 2010-04-18 08:19:59) [GET]
Rendering template within layouts/application
Rendering pages/home
Rendered layouts/_stylesheets (0.4ms)
Rendered layouts/_header (0.4ms)
Rendered layouts/_footer (0.1ms)
Completed in 5ms (View: 3, DB: 0) | 200 OK [http://localhost/pages/home]


Processing PagesController#home (for 127.0.0.1 at 2010-04-18 08:19:59) [GET]
Rendering template within layouts/application
Rendering pages/home
Rendered layouts/_stylesheets (0.4ms)
Rendered layouts/_header (0.4ms)
Rendered layouts/_footer (0.1ms)
Completed in 4ms (View: 2, DB: 0) | 200 OK [http://localhost/pages/home]


Processing PagesController#home (for 127.0.0.1 at 2010-04-18 08:19:59) [GET]
Rendering template within layouts/application
Rendering pages/home
Rendered layouts/_stylesheets (0.4ms)
Rendered layouts/_header (0.4ms)
Rendered layouts/_footer (0.1ms)
Completed in 4ms (View: 2, DB: 0) | 200 OK [http://localhost/pages/home]


Processing PagesController#home (for 127.0.0.1 at 2010-04-18 08:19:59) [GET]
Rendering template within layouts/application
Rendering pages/home
Rendered layouts/_stylesheets (0.6ms)
Rendered layouts/_header (0.5ms)
Rendered layouts/_footer (0.1ms)
Completed in 4ms (View: 3, DB: 0) | 200 OK [http://localhost/pages/home]


Processing PagesController#home (for 127.0.0.1 at 2010-04-18 08:23:44) [GET]
Rendering template within layouts/application
Rendering pages/home
Rendered layouts/_stylesheets (1.2ms)
Rendered layouts/_header (0.4ms)
Rendered layouts/_footer (0.1ms)
Completed in 9ms (View: 8, DB: 0) | 200 OK [http://localhost/pages/home]


Processing PagesController#home (for 127.0.0.1 at 2010-04-18 08:28:11) [GET]
Rendering template within layouts/application
Rendering pages/home
Rendered layouts/_stylesheets (0.5ms)
Rendered layouts/_header (0.4ms)
Rendered layouts/_footer (0.1ms)
Completed in 4ms (View: 3, DB: 0) | 200 OK [http://localhost/pages/home]


Processing PagesController#home (for 127.0.0.1 at 2010-04-18 08:28:11) [GET]
Rendering template within layouts/application
Rendering pages/home
Rendered layouts/_stylesheets (0.4ms)
Rendered layouts/_header (0.4ms)
Rendered layouts/_footer (0.1ms)
Completed in 3ms (View: 2, DB: 0) | 200 OK [http://localhost/pages/home]


Processing PagesController#home (for 127.0.0.1 at 2010-04-18 08:30:56) [GET]
Rendering template within layouts/application
Rendering pages/home
Rendered layouts/_stylesheets (0.4ms)
Rendered layouts/_header (0.4ms)
Rendered layouts/_footer (0.1ms)
Completed in 8ms (View: 6, DB: 0) | 200 OK [http://localhost/pages/home]


Processing PagesController#home (for 127.0.0.1 at 2010-04-18 08:31:17) [GET]
Rendering template within layouts/application
Rendering pages/home
Rendered layouts/_stylesheets (0.5ms)
Rendered layouts/_header (0.4ms)
Rendered layouts/_footer (0.1ms)
Completed in 8ms (View: 7, DB: 0) | 200 OK [http://localhost/pages/home]
